This is pdfTeXk, Version 3.141592-1.40.3 (Web2C 7.5.6) (format=latex 2009.4.19)  24 AUG 2009 18:27
entering extended mode
 %&-line parsing enabled.
**Geschichte.tex
(./Geschichte.tex
LaTeX2e <2005/12/01>
Babel <v3.8h> and hyphenation patterns for english, usenglishmax, dumylang, noh
yphenation, ukrainian, russian, bulgarian, loaded.
(/usr/share/texmf-texlive/tex/latex/base/article.cls
Document Class: article 2005/09/16 v1.4f Standard LaTeX document class
(/usr/share/texmf-texlive/tex/latex/base/size12.clo
File: size12.clo 2005/09/16 v1.4f Standard LaTeX file (size option)
)
\c@part=\count79
\c@section=\count80
\c@subsection=\count81
\c@subsubsection=\count82
\c@paragraph=\count83
\c@subparagraph=\count84
\c@figure=\count85
\c@table=\count86
\abovecaptionskip=\skip41
\belowcaptionskip=\skip42
\bibindent=\dimen102
)
(/usr/share/texmf-texlive/tex/latex/base/fontenc.sty
Package: fontenc 2005/09/27 v1.99g Standard LaTeX package

(/usr/share/texmf-texlive/tex/latex/base/t1enc.def
File: t1enc.def 2005/09/27 v1.99g Standard LaTeX file
LaTeX Font Info:    Redeclaring font encoding T1 on input line 43.
))
(/usr/share/texmf-texlive/tex/latex/base/inputenc.sty
Package: inputenc 2006/05/05 v1.1b Input encoding file
\inpenc@prehook=\toks14
\inpenc@posthook=\toks15

(/usr/share/texmf/tex/latex/html/latin9.def
File: latin1.def 1998/03/05 v0.97 Input encoding file(test version: still liabl
e to change)
))
(/usr/share/texmf-texlive/tex/latex/geometry/geometry.sty
Package: geometry 2002/07/08 v3.2 Page Geometry

(/usr/share/texmf-texlive/tex/latex/graphics/keyval.sty
Package: keyval 1999/03/16 v1.13 key=value parser (DPC)
\KV@toks@=\toks16
)
\Gm@cnth=\count87
\Gm@cntv=\count88
\c@Gm@tempcnt=\count89
\Gm@bindingoffset=\dimen103
\Gm@wd@mp=\dimen104
\Gm@odd@mp=\dimen105
\Gm@even@mp=\dimen106
\Gm@dimlist=\toks17

(/usr/share/texmf-texlive/tex/xelatex/xetexconfig/geometry.cfg))
(/usr/share/texmf-texlive/tex/latex/graphics/graphicx.sty
Package: graphicx 1999/02/16 v1.0f Enhanced LaTeX Graphics (DPC,SPQR)

(/usr/share/texmf-texlive/tex/latex/graphics/graphics.sty
Package: graphics 2006/02/20 v1.0o Standard LaTeX Graphics (DPC,SPQR)

(/usr/share/texmf-texlive/tex/latex/graphics/trig.sty
Package: trig 1999/03/16 v1.09 sin cos tan (DPC)
)
(/etc/texmf/tex/latex/config/graphics.cfg
File: graphics.cfg 2007/01/18 v1.5 graphics configuration of teTeX/TeXLive
)
Package graphics Info: Driver file: dvips.def on input line 90.

(/usr/share/texmf-texlive/tex/latex/graphics/dvips.def
File: dvips.def 1999/02/16 v3.0i Driver-dependant file (DPC,SPQR)
))
\Gin@req@height=\dimen107
\Gin@req@width=\dimen108
)
(/usr/share/texmf-texlive/tex/generic/babel/babel.sty
Package: babel 2005/11/23 v3.8h The Babel package

(/usr/share/texmf-texlive/tex/generic/babel/english.ldf
Language: english 2005/03/30 v3.3o English support from the babel system

(/usr/share/texmf-texlive/tex/generic/babel/babel.def
File: babel.def 2005/11/23 v3.8h Babel common definitions
\babel@savecnt=\count90
\U@D=\dimen109
)
\l@british = a dialect from \language\l@english 
\l@UKenglish = a dialect from \language\l@english 
\l@canadian = a dialect from \language\l@american 
\l@australian = a dialect from \language\l@british 
\l@newzealand = a dialect from \language\l@british 
)) (./Geschichte.aux)
\openout1 = `Geschichte.aux'.

LaTeX Font Info:    Checking defaults for OML/cmm/m/it on input line 23.
LaTeX Font Info:    ... okay on input line 23.
LaTeX Font Info:    Checking defaults for T1/cmr/m/n on input line 23.
LaTeX Font Info:    ... okay on input line 23.
LaTeX Font Info:    Checking defaults for OT1/cmr/m/n on input line 23.
LaTeX Font Info:    ... okay on input line 23.
LaTeX Font Info:    Checking defaults for OMS/cmsy/m/n on input line 23.
LaTeX Font Info:    ... okay on input line 23.
LaTeX Font Info:    Checking defaults for OMX/cmex/m/n on input line 23.
LaTeX Font Info:    ... okay on input line 23.
LaTeX Font Info:    Checking defaults for U/cmr/m/n on input line 23.
LaTeX Font Info:    ... okay on input line 23.
LaTeX Font Info:    Try loading font information for T1+cmss on input line 23.

(/usr/share/texmf-texlive/tex/latex/base/t1cmss.fd
File: t1cmss.fd 1999/05/25 v2.5h Standard LaTeX font definitions
)

Package geometry Warning: The marginal notes would fall off the page.
     Add 25.54726pt and more to the right margin.

-------------------- Geometry parameters
paper: letterpaper
landscape: --
twocolumn: --
twoside: --
asymmetric: --
h-parts: 28.45274pt, 557.38951pt, 28.45274pt
v-parts: 28.45274pt, 709.61174pt, 56.9055pt
hmarginratio: --
vmarginratio: --
lines: --
heightrounded: --
bindingoffset: 0.0pt
truedimen: --
includehead: --
includefoot: --
includemp: --
driver: 
-------------------- Page layout dimensions and switches
\paperwidth  614.295pt
\paperheight 794.96999pt
\textwidth  557.38951pt
\textheight 709.61174pt
\oddsidemargin  -43.81725pt
\evensidemargin -43.81725pt
\topmargin  -100.72273pt
\headheight 28.45274pt
\headsep    28.45274pt
\footskip   28.45274pt
\marginparwidth 44.0pt
\marginparsep   10.0pt
\columnsep  10.0pt
\skip\footins  10.8pt plus 4.0pt minus 2.0pt
\hoffset 0.0pt
\voffset 0.0pt
\mag 1000

(1in=72.27pt, 1cm=28.45pt)
-----------------------
LaTeX Font Info:    External font `cmex10' loaded for size
(Font)              <12> on input line 27.
LaTeX Font Info:    External font `cmex10' loaded for size
(Font)              <8> on input line 27.
LaTeX Font Info:    External font `cmex10' loaded for size
(Font)              <6> on input line 27.
LaTeX Font Info:    Try loading font information for OMS+cmss on input line 42.

LaTeX Font Info:    No file OMScmss.fd. on input line 42.

LaTeX Font Warning: Font shape `OMS/cmss/m/n' undefined
(Font)              using `OMS/cmsy/m/n' instead
(Font)              for symbol `textbullet' on input line 42.

[1

] [2]
File: "/home/tobias/Dokumente/Schule/Einfuehrungsphase/Protokolle/Geschichte/St
ellung der Gelehrten".eps Graphic file (type eps)

<"/home/tobias/Dokumente/Schule/Einfuehrungsphase/Protokolle/Geschichte/Stellun
g der Gelehrten".eps> [3]
File: "Fortschritt in der Kunst, b...".eps Graphic file (type eps)
 <"Fortschritt in der Kunst, b...".eps>
File: "Das Entdeckungszeitalter".eps Graphic file (type eps)

<"Das Entdeckungszeitalter".eps> [4]
File: "Erweiterung des Wissens".eps Graphic file (type eps)
 <"Erweiterung des Wissens".eps>
Overfull \hbox (38.83798pt too wide) in paragraph at lines 229--230
[][] 
 []

[5]
File: "Veraenderungen der".eps Graphic file (type eps)
 <"Veraenderungen der".eps>
Overfull \hbox (21.98088pt too wide) in paragraph at lines 231--232
[][] 
 []

[6] [7] [8]
File: Humanisten.eps Graphic file (type eps)
 <Humanisten.eps> [9] [10]
File: Herrscher-Adel-Macht.eps Graphic file (type eps)
 <Herrscher-Adel-Macht.eps>
File: LudwigXIV_zentralierte_Staatsgewalt.eps Graphic file (type eps)

<LudwigXIV_zentralierte_Staatsgewalt.eps> [11]
File: Machtpolitik.eps Graphic file (type eps)
 <Machtpolitik.eps>
File: "Hoefische Repraesentation als Herrschaftsinstrument".eps Graphic file (t
ype eps)

<"Hoefische Repraesentation als Herrschaftsinstrument".eps> [12] [13] [14]
(./Geschichte.aux)

LaTeX Font Warning: Some font shapes were not available, defaults substituted.

 ) 
Here is how much of TeX's memory you used:
 1481 strings out of 94835
 18677 string characters out of 1179204
 73886 words of memory out of 1500000
 4669 multiletter control sequences out of 10000+50000
 13296 words of font info for 32 fonts, out of 1200000 for 2000
 212 hyphenation exceptions out of 8191
 25i,6n,19p,305b,351s stack positions out of 5000i,500n,6000p,200000b,5000s

Output written on Geschichte.dvi (14 pages, 22348 bytes).
