# XviD 2pass stat file (core version 1.2.2)
# Please do not modify this file

i 2 1326 0 0 32514 4144
b 4 0 1326 0 175 167
b 4 0 1326 0 179 171
p 2 1 203 1122 6762 568
b 4 0 1326 0 1827 260
b 4 0 1326 0 1900 272
p 2 3 187 1136 6696 608
b 4 0 1326 0 1755 245
b 4 0 1326 0 1911 242
p 2 1 125 1200 6330 540
b 4 0 1326 0 1846 256
b 4 0 1326 0 1826 250
p 2 1 139 1186 5516 549
b 4 0 1326 0 1496 233
b 4 0 1326 0 1689 245
p 2 0 139 1187 5179 546
b 4 0 1326 0 1235 242
b 4 0 1326 0 1529 255
p 2 0 145 1181 5151 574
b 4 0 1326 0 1522 265
b 4 0 1326 0 1375 247
p 2 0 147 1179 5089 581
b 4 0 1326 0 1216 246
b 4 0 1326 0 1316 252
p 2 0 149 1177 4685 579
b 4 0 1326 0 1070 251
b 4 0 1326 0 1140 245
p 2 0 162 1164 5125 608
b 4 0 1326 0 1099 273
b 4 0 1326 0 1569 262
p 2 3 171 1152 5171 635
b 4 0 1326 0 1018 273
b 4 0 1326 0 1464 266
p 2 2 174 1150 6529 647
b 4 0 1326 0 1198 271
b 4 0 1326 0 1353 270
p 2 0 174 1152 5715 623
b 4 0 1326 0 1181 283
b 4 0 1326 0 1342 285
p 2 0 174 1152 5648 607
b 4 0 1326 0 1315 298
b 4 0 1326 0 1719 291
p 2 0 194 1132 7276 658
b 4 0 1326 0 1491 259
b 4 0 1326 0 1666 278
p 2 6 163 1157 4435 606
b 4 0 1326 0 1300 281
b 4 0 1326 0 1426 292
p 2 7 169 1150 5648 635
b 4 0 1326 0 1014 285
b 4 0 1326 0 1353 267
p 2 0 177 1149 5279 617
b 4 0 1326 0 1370 291
b 4 0 1326 0 1159 274
p 2 0 176 1150 4708 606
b 4 0 1326 0 1142 297
b 4 0 1326 0 1345 313
p 2 0 185 1141 7486 686
b 4 0 1326 0 202 202
b 4 0 1326 0 1594 304
p 2 0 180 1146 6937 641
b 4 0 1326 0 1440 275
b 4 0 1326 0 1563 288
p 2 0 186 1140 6208 636
b 4 0 1326 0 253 208
b 4 0 1326 0 1552 275
p 2 0 195 1131 6741 633
b 4 0 1326 0 1482 283
b 4 0 1326 0 1663 281
p 2 0 181 1145 6384 619
b 4 0 1326 0 1763 288
b 4 0 1326 0 1681 302
p 2 0 176 1150 6278 619
b 4 0 1326 0 2043 293
b 4 0 1326 0 2025 293
p 2 0 176 1150 6275 625
b 4 0 1326 0 2492 356
b 4 0 1326 0 1668 309
p 2 0 183 1143 8003 651
b 4 0 1326 0 1869 312
b 4 0 1326 0 2184 305
p 2 0 175 1151 7349 625
b 4 0 1326 0 2597 299
b 4 0 1326 0 2498 277
p 2 1 169 1156 7339 621
b 4 0 1326 0 2946 267
b 4 0 1326 0 3307 290
p 2 0 154 1172 8969 589
b 4 0 1326 0 148 148
b 4 0 1326 0 3146 261
p 2 0 152 1174 8221 573
b 4 0 1326 0 2689 226
b 4 0 1326 0 3482 268
p 2 0 133 1193 9971 531
b 4 0 1326 0 3188 259
b 4 0 1326 0 3494 252
p 2 0 126 1200 10774 559
b 4 0 1326 0 2611 275
b 4 0 1326 0 2637 274
p 2 0 133 1193 10375 587
b 4 0 1326 0 2252 270
b 4 0 1326 0 2111 265
p 2 2 142 1182 9704 637
b 4 0 1326 0 1783 296
b 4 0 1326 0 1619 305
p 2 3 150 1173 9564 666
b 4 0 1326 0 2018 328
b 4 0 1326 0 1524 293
p 2 1 166 1159 9558 667
b 4 0 1326 0 1556 298
b 4 0 1326 0 1799 311
p 2 0 173 1153 7899 662
b 4 0 1326 0 1619 306
b 4 0 1326 0 1929 315
p 2 0 175 1151 6319 643
b 4 0 1326 0 1488 311
b 4 0 1326 0 2130 327
p 2 0 183 1143 6595 649
b 4 0 1326 0 237 213
b 4 0 1326 0 181 179
p 2 0 188 1138 5925 647
b 4 0 1326 0 1565 341
b 4 0 1326 0 1438 316
p 2 0 193 1133 7744 715
b 4 0 1326 0 1493 305
b 4 0 1326 0 1408 310
p 2 0 202 1124 5175 664
b 4 0 1326 0 1223 295
b 4 0 1326 0 1511 308
p 2 0 218 1108 5596 701
b 4 0 1326 0 1332 311
b 4 0 1326 0 1644 305
p 2 0 195 1131 4310 655
b 4 0 1326 0 1883 324
b 4 0 1326 0 2022 343
p 2 0 203 1123 5686 680
b 4 0 1326 0 1684 312
b 4 0 1326 0 1930 306
p 2 0 216 1110 5220 680
b 4 0 1326 0 1986 300
b 4 0 1326 0 1912 302
p 2 0 198 1128 5182 647
b 4 0 1326 0 1909 324
b 4 0 1326 0 1955 306
p 2 0 191 1135 5437 646
b 4 0 1326 0 1468 315
b 4 0 1326 0 2024 324
p 2 0 196 1130 6093 677
b 4 0 1326 0 193 193
p 2 0 195 1131 4702 608
i 2 1326 0 0 32610 4155
b 4 0 1326 0 1484 350
b 4 0 1326 0 1720 338
p 2 0 281 1045 7095 697
b 4 0 1326 0 1260 331
b 4 0 1326 0 1501 333
p 2 0 243 1083 4981 715
b 4 0 1326 0 1443 299
b 4 0 1326 0 1360 267
p 2 0 176 1150 4880 623
b 4 0 1326 0 1392 283
b 4 0 1326 0 1488 285
p 2 1 185 1140 5258 642
b 4 0 1326 0 1549 312
b 4 0 1326 0 1444 308
p 2 0 183 1143 5125 636
b 4 0 1326 0 1586 316
b 4 0 1326 0 1943 296
p 2 0 179 1147 5329 632
b 4 0 1326 0 1646 304
b 4 0 1326 0 1930 297
p 2 0 178 1148 5893 629
b 4 0 1326 0 1781 299
b 4 0 1326 0 1994 300
p 2 0 180 1146 6246 622
b 4 0 1326 0 2004 301
b 4 0 1326 0 2266 311
p 2 0 180 1146 8634 674
b 4 0 1326 0 195 190
b 4 0 1326 0 2741 303
p 2 0 174 1152 8216 627
b 4 0 1326 0 3086 275
b 4 0 1326 0 3063 261
p 2 0 158 1168 8019 600
b 4 0 1326 0 3426 280
b 4 0 1326 0 3676 263
p 2 0 154 1172 8850 584
b 4 0 1326 0 1955 191
b 4 0 1326 0 131 130
p 2 0 136 1190 8496 526
b 4 0 1326 0 2336 214
b 4 0 1326 0 2376 221
p 2 0 161 1165 7972 547
b 4 0 1326 0 2499 264
b 4 0 1326 0 2107 223
p 2 1 144 1181 7868 557
b 4 0 1326 0 1975 233
b 4 0 1326 0 2048 229
p 2 4 122 1200 6654 544
b 4 0 1326 0 1999 237
b 4 0 1326 0 2032 244
p 2 3 124 1199 6336 546
b 4 0 1326 0 1717 242
b 4 0 1326 0 1736 240
p 2 0 134 1192 5894 581
b 4 0 1326 0 1717 278
b 4 0 1326 0 1721 271
p 2 0 145 1181 8437 628
b 4 0 1326 0 237 174
b 4 0 1326 0 1156 241
p 2 0 138 1188 4808 584
b 4 0 1326 0 1244 256
b 4 0 1326 0 1498 250
p 2 0 141 1185 4881 591
b 4 0 1326 0 1331 255
b 4 0 1326 0 1101 243
p 2 0 150 1176 4842 607
b 4 0 1326 0 1316 243
b 4 0 1326 0 1282 243
p 2 0 153 1173 4962 601
b 4 0 1326 0 1185 246
b 4 0 1326 0 1265 255
p 2 0 159 1167 4519 603
b 4 0 1326 0 1661 290
b 4 0 1326 0 1125 265
p 2 1 167 1158 5072 627
b 4 0 1326 0 1288 290
b 4 0 1326 0 1496 271
p 2 0 166 1160 4491 616
b 4 0 1326 0 1341 270
b 4 0 1326 0 1248 265
p 2 0 169 1157 4673 621
b 4 0 1326 0 275 185
b 4 0 1326 0 239 177
p 2 0 178 1148 4831 618
b 4 0 1326 0 1586 276
b 4 0 1326 0 1695 285
p 2 0 177 1149 4690 611
b 4 0 1326 0 1904 307
b 4 0 1326 0 1540 279
p 2 0 185 1141 6490 694
b 4 0 1326 0 1912 312
b 4 0 1326 0 1427 275
p 2 0 190 1136 5385 645
b 4 0 1326 0 1223 272
b 4 0 1326 0 1306 281
p 2 0 186 1140 5190 618
b 4 0 1326 0 1085 276
b 4 0 1326 0 1175 275
p 2 0 182 1144 4793 613
b 4 0 1326 0 1613 313
b 4 0 1326 0 1694 316
p 2 0 184 1142 6375 626
b 4 0 1326 0 1609 303
b 4 0 1326 0 1485 289
p 2 0 189 1137 5032 635
b 4 0 1326 0 1500 303
b 4 0 1326 0 1623 281
p 2 0 190 1136 5255 642
b 4 0 1326 0 1518 295
b 4 0 1326 0 1460 284
p 2 0 182 1144 5080 629
b 4 0 1326 0 1710 301
b 4 0 1326 0 1852 290
p 2 0 178 1148 5645 627
b 4 0 1326 0 2023 322
b 4 0 1326 0 2436 325
p 2 0 184 1142 8354 694
b 4 0 1326 0 374 207
b 4 0 1326 0 1687 316
p 2 0 184 1142 8122 681
b 4 0 1326 0 1679 291
b 4 0 1326 0 1958 296
p 2 0 179 1147 7796 678
b 4 0 1326 0 2319 295
b 4 0 1326 0 2612 285
p 2 0 178 1148 8290 649
b 4 0 1326 0 2604 272
b 4 0 1326 0 2948 278
p 2 1 163 1162 8348 614
b 4 0 1326 0 4142 306
b 4 0 1326 0 4051 307
p 2 0 154 1172 9114 604
b 4 0 1326 0 2637 245
b 4 0 1326 0 2676 221
p 2 0 137 1189 8551 532
b 4 0 1326 0 3490 272
b 4 0 1326 0 3420 254
p 2 0 134 1192 10706 575
b 4 0 1326 0 2980 268
b 4 0 1326 0 2710 257
p 2 1 136 1189 10333 590
b 4 0 1326 0 2512 281
b 4 0 1326 0 2283 301
p 2 0 146 1180 9003 611
b 4 0 1326 0 1743 274
b 4 0 1326 0 174 168
p 2 3 148 1175 7891 652
b 4 0 1326 0 1836 301
p 2 0 159 1167 6861 635
i 2 1326 0 0 33774 4167
b 4 0 1326 0 2116 343
b 4 0 1326 0 1942 348
p 2 0 277 1049 7278 731
b 4 0 1326 0 1819 347
b 4 0 1326 0 1770 346
p 2 0 242 1084 6203 726
b 4 0 1326 0 1745 304
b 4 0 1326 0 1638 282
p 2 0 179 1147 6009 635
b 4 0 1326 0 1488 284
b 4 0 1326 0 1814 317
p 2 0 188 1138 5986 632
b 4 0 1326 0 1579 312
b 4 0 1326 0 1430 288
p 2 0 182 1144 5338 633
b 4 0 1326 0 1325 324
b 4 0 1326 0 1252 289
p 2 0 188 1138 5473 638
b 4 0 1326 0 1300 298
b 4 0 1326 0 1080 290
p 2 0 213 1113 4656 672
b 4 0 1326 0 1111 301
b 4 0 1326 0 1561 318
p 2 0 202 1124 3852 645
b 4 0 1326 0 1225 295
b 4 0 1326 0 1655 319
p 2 0 192 1134 6071 667
b 4 0 1326 0 216 207
b 4 0 1326 0 1624 295
p 2 0 190 1136 5476 665
b 4 0 1326 0 1707 318
b 4 0 1326 0 1978 319
p 2 0 193 1133 5295 659
b 4 0 1326 0 2109 324
b 4 0 1326 0 1926 312
p 2 0 191 1135 5552 641
b 4 0 1326 0 2084 309
b 4 0 1326 0 2155 311
p 2 0 191 1135 6266 652
b 4 0 1326 0 1193 309
b 4 0 1326 0 1219 309
p 2 0 200 1126 6174 653
b 4 0 1326 0 1571 306
b 4 0 1326 0 1616 293
p 2 0 194 1132 6058 663
b 4 0 1326 0 1569 305
b 4 0 1326 0 1322 289
p 2 0 188 1138 4491 646
b 4 0 1326 0 1356 285
b 4 0 1326 0 1487 291
p 2 0 181 1145 5154 648
b 4 0 1326 0 1401 308
b 4 0 1326 0 1583 327
p 2 0 187 1139 6442 661
b 4 0 1326 0 190 190
b 4 0 1326 0 1697 303
p 2 2 184 1140 6105 674
b 4 0 1326 0 217 210
b 4 0 1326 0 1276 285
p 2 0 188 1138 5885 659
b 4 0 1326 0 1594 294
b 4 0 1326 0 1572 315
p 2 0 184 1142 6548 657
b 4 0 1326 0 1766 323
b 4 0 1326 0 1918 311
p 2 1 185 1140 6434 664
b 4 0 1326 0 1781 309
b 4 0 1326 0 2249 296
p 2 0 182 1144 6386 647
b 4 0 1326 0 2306 321
b 4 0 1326 0 2225 306
p 2 0 178 1148 7571 627
b 4 0 1326 0 2190 286
b 4 0 1326 0 2573 289
p 2 0 169 1157 7862 615
b 4 0 1326 0 3028 283
b 4 0 1326 0 3143 270
p 2 0 157 1169 8026 592
b 4 0 1326 0 3447 279
b 4 0 1326 0 3692 266
p 2 0 151 1175 8948 572
b 4 0 1326 0 2154 219
b 4 0 1326 0 2358 203
p 2 0 167 1159 10081 587
b 4 0 1326 0 2291 238
b 4 0 1326 0 2314 240
p 2 0 145 1181 7714 563
b 4 0 1326 0 161 158
b 4 0 1326 0 2049 230
p 2 0 134 1192 8600 570
b 4 0 1326 0 1954 248
b 4 0 1326 0 1954 235
p 2 2 134 1190 8013 580
b 4 0 1326 0 1790 269
b 4 0 1326 0 1938 261
p 2 0 144 1182 8117 612
b 4 0 1326 0 170 167
b 4 0 1326 0 1408 255
p 2 0 147 1179 6527 621
b 4 0 1326 0 1596 244
b 4 0 1326 0 1397 231
p 2 0 145 1181 6387 623
b 4 0 1326 0 1311 259
b 4 0 1326 0 1192 253
p 2 0 148 1178 5527 634
b 4 0 1326 0 1057 256
b 4 0 1326 0 1122 257
p 2 0 147 1179 5636 636
b 4 0 1326 0 1123 265
b 4 0 1326 0 1520 269
p 2 1 161 1164 5883 659
b 4 0 1326 0 176 173
b 4 0 1326 0 1212 253
p 2 0 159 1167 6326 658
b 4 0 1326 0 954 262
b 4 0 1326 0 176 176
p 2 1 165 1160 5580 643
b 4 0 1326 0 1658 277
b 4 0 1326 0 1595 290
p 2 0 176 1150 8059 676
b 4 0 1326 0 1149 270
b 4 0 1326 0 1356 269
p 2 0 174 1152 5864 639
b 4 0 1326 0 1657 297
b 4 0 1326 0 2053 307
p 2 0 173 1153 5940 656
b 4 0 1326 0 1842 270
b 4 0 1326 0 1967 274
p 2 0 166 1160 5949 624
b 4 0 1326 0 1680 280
b 4 0 1326 0 1478 273
p 2 0 168 1158 4740 628
b 4 0 1326 0 1736 286
b 4 0 1326 0 1283 272
p 2 0 171 1155 4996 629
b 4 0 1326 0 1306 265
b 4 0 1326 0 1588 278
p 2 0 170 1156 4396 616
b 4 0 1326 0 1306 308
b 4 0 1326 0 1385 283
p 2 0 177 1149 5492 630
b 4 0 1326 0 1172 304
b 4 0 1326 0 1371 283
p 2 0 189 1137 5637 652
b 4 0 1326 0 1142 269
b 4 0 1326 0 167 167
p 2 0 180 1146 5268 629
b 4 0 1326 0 1975 287
p 2 0 181 1145 5980 653
i 2 1326 0 0 32948 4156
b 4 0 1326 0 1456 303
b 4 0 1326 0 1742 323
p 2 0 271 1055 5321 688
b 4 0 1326 0 1631 347
b 4 0 1326 0 1737 339
p 2 0 236 1090 6781 702
b 4 0 1326 0 1722 284
b 4 0 1326 0 1695 283
p 2 0 173 1153 6140 622
b 4 0 1326 0 1811 306
b 4 0 1326 0 1844 297
p 2 0 183 1143 6719 628
b 4 0 1326 0 1748 313
b 4 0 1326 0 1943 281
p 2 0 175 1151 6812 630
b 4 0 1326 0 2145 294
b 4 0 1326 0 2313 281
p 2 0 170 1156 6901 615
b 4 0 1326 0 2707 282
b 4 0 1326 0 2765 257
p 2 1 157 1168 7096 599
b 4 0 1326 0 3530 277
b 4 0 1326 0 3236 280
p 2 0 148 1178 8323 581
b 4 0 1326 0 2815 231
b 4 0 1326 0 135 132
p 2 0 141 1185 7239 556
b 4 0 1326 0 3102 249
b 4 0 1326 0 3193 238
p 2 0 135 1191 9131 536
b 4 0 1326 0 3085 254
b 4 0 1326 0 3372 269
p 2 0 126 1200 10357 554
b 4 0 1326 0 2685 284
b 4 0 1326 0 3015 309
p 2 0 137 1189 11423 623
b 4 0 1326 0 2026 298
b 4 0 1326 0 2138 297
p 2 4 144 1178 8757 674
b 4 0 1326 0 1848 296
b 4 0 1326 0 1834 295
p 2 0 159 1167 8007 658
b 4 0 1326 0 1638 293
b 4 0 1326 0 1610 287
p 2 0 166 1160 6958 668
b 4 0 1326 0 1592 310
b 4 0 1326 0 1876 296
p 2 0 173 1153 6214 658
b 4 0 1326 0 1404 314
b 4 0 1326 0 1332 297
p 2 0 182 1144 6779 651
b 4 0 1326 0 1582 308
b 4 0 1326 0 1794 313
p 2 0 189 1137 5822 657
b 4 0 1326 0 1569 304
b 4 0 1326 0 1756 320
p 2 0 192 1134 5629 646
b 4 0 1326 0 242 224
b 4 0 1326 0 1451 309
p 2 0 199 1127 5030 651
b 4 0 1326 0 1664 331
b 4 0 1326 0 1532 312
p 2 0 217 1109 4898 672
b 4 0 1326 0 997 292
b 4 0 1326 0 1598 318
p 2 3 209 1114 6472 661
b 4 0 1326 0 1373 324
b 4 0 1326 0 1233 328
p 2 0 199 1127 6143 670
b 4 0 1326 0 1651 318
b 4 0 1326 0 1577 296
p 2 0 200 1126 4792 667
b 4 0 1326 0 1678 319
b 4 0 1326 0 2084 315
p 2 0 199 1127 5157 648
b 4 0 1326 0 2203 324
b 4 0 1326 0 2042 295
p 2 0 192 1134 5097 641
b 4 0 1326 0 1805 337
b 4 0 1326 0 2035 315
p 2 0 204 1122 6199 674
b 4 0 1326 0 1853 316
b 4 0 1326 0 1974 312
p 2 0 190 1136 5607 651
b 4 0 1326 0 1502 308
b 4 0 1326 0 1523 300
p 2 0 190 1136 4989 647
b 4 0 1326 0 221 215
b 4 0 1326 0 198 193
p 2 0 195 1131 4960 666
b 4 0 1326 0 1572 308
b 4 0 1326 0 1399 290
p 2 0 181 1145 4447 656
b 4 0 1326 0 1717 334
b 4 0 1326 0 1242 297
p 2 0 188 1138 4888 649
b 4 0 1326 0 1533 307
b 4 0 1326 0 1819 319
p 2 0 191 1135 5665 640
b 4 0 1326 0 1508 306
b 4 0 1326 0 1421 287
p 2 0 184 1142 5041 641
b 4 0 1326 0 1839 316
b 4 0 1326 0 1848 299
p 2 0 179 1147 5154 623
b 4 0 1326 0 1557 319
b 4 0 1326 0 1984 334
p 2 0 188 1138 7416 650
b 4 0 1326 0 201 201
b 4 0 1326 0 2213 308
p 2 0 183 1143 6698 639
b 4 0 1326 0 1996 307
b 4 0 1326 0 2046 296
p 2 0 176 1150 7024 620
b 4 0 1326 0 2294 309
b 4 0 1326 0 2284 291
p 2 0 170 1156 7086 615
b 4 0 1326 0 165 163
b 4 0 1326 0 3127 288
p 2 1 158 1167 7469 600
b 4 0 1326 0 3288 252
b 4 0 1326 0 3343 249
p 2 0 152 1174 8327 558
b 4 0 1326 0 2844 234
b 4 0 1326 0 1917 207
p 2 0 163 1163 8738 561
b 4 0 1326 0 2250 217
b 4 0 1326 0 2331 210
p 2 1 149 1176 7580 554
b 4 0 1326 0 2238 235
b 4 0 1326 0 2074 224
p 2 1 123 1202 7291 528
b 4 0 1326 0 2115 245
b 4 0 1326 0 2026 229
p 2 3 125 1198 6767 552
b 4 0 1326 0 2015 237
b 4 0 1326 0 1906 237
p 2 3 128 1195 6954 567
b 4 0 1326 0 1838 265
b 4 0 1326 0 1949 261
p 2 0 137 1189 7556 587
b 4 0 1326 0 1608 247
b 4 0 1326 0 1506 226
p 2 0 140 1186 6959 597
b 4 0 1326 0 1496 253
b 4 0 1326 0 1129 237
p 2 0 142 1184 6584 612
b 4 0 1326 0 160 160
p 2 0 145 1181 5824 601
i 2 1326 0 0 31992 4143
b 4 0 1326 0 1548 289
b 4 0 1326 0 1369 291
p 2 0 258 1068 6893 683
b 4 0 1326 0 1385 293
b 4 0 1326 0 1240 293
p 2 0 220 1106 6775 703
b 4 0 1326 0 1264 251
b 4 0 1326 0 1341 265
p 2 2 157 1167 6041 647
b 4 0 1326 0 1288 291
b 4 0 1326 0 1432 286
p 2 0 167 1159 5717 651
b 4 0 1326 0 1236 275
b 4 0 1326 0 1271 276
p 2 0 165 1161 5186 645
b 4 0 1326 0 1309 289
b 4 0 1326 0 1427 303
p 2 0 179 1147 6404 658
b 4 0 1326 0 1236 273
b 4 0 1326 0 1605 281
p 2 0 174 1152 6166 645
b 4 0 1326 0 1535 274
b 4 0 1326 0 1442 289
p 2 0 173 1153 5138 644
b 4 0 1326 0 1264 274
b 4 0 1326 0 1604 273
p 2 0 173 1153 5578 658
b 4 0 1326 0 198 198
b 4 0 1326 0 1293 266
p 2 0 180 1146 5051 643
b 4 0 1326 0 1316 287
b 4 0 1326 0 962 281
p 2 0 171 1155 6074 625
b 4 0 1326 0 1109 299
b 4 0 1326 0 1051 275
p 2 0 174 1152 5698 633
b 4 0 1326 0 1085 278
b 4 0 1326 0 1266 273
p 2 0 182 1144 5070 633
b 4 0 1326 0 1621 299
b 4 0 1326 0 1487 286
p 2 0 176 1150 5056 626
b 4 0 1326 0 1463 284
b 4 0 1326 0 1481 285
p 2 0 174 1152 4834 630
b 4 0 1326 0 1418 297
b 4 0 1326 0 1749 295
p 2 0 185 1141 5894 650
b 4 0 1326 0 1736 312
b 4 0 1326 0 1732 297
p 2 0 176 1150 5963 637
b 4 0 1326 0 1826 297
b 4 0 1326 0 1962 301
p 2 0 180 1146 5929 636
b 4 0 1326 0 1773 320
b 4 0 1326 0 2170 310
p 2 0 187 1139 6732 656
b 4 0 1326 0 1903 309
b 4 0 1326 0 2200 297
p 2 0 179 1147 6396 647
b 4 0 1326 0 2909 315
b 4 0 1326 0 2504 307
p 2 0 172 1154 7943 633
b 4 0 1326 0 2881 289
b 4 0 1326 0 2888 274
p 2 0 164 1162 7852 619
b 4 0 1326 0 3529 262
b 4 0 1326 0 3521 262
p 2 0 158 1168 8168 609
b 4 0 1326 0 2563 256
b 4 0 1326 0 2690 225
p 2 0 142 1184 8479 547
b 4 0 1326 0 3422 270
b 4 0 1326 0 3373 243
p 2 0 136 1190 10140 565
b 4 0 1326 0 2963 288
b 4 0 1326 0 2548 267
p 2 0 136 1190 11081 608
b 4 0 1326 0 2288 282
b 4 0 1326 0 2187 276
p 2 2 139 1185 9376 652
b 4 0 1326 0 1958 304
b 4 0 1326 0 1644 311
p 2 1 150 1175 8540 674
b 4 0 1326 0 1621 308
b 4 0 1326 0 1802 285
p 2 0 155 1171 7711 648
b 4 0 1326 0 196 195
b 4 0 1326 0 184 181
p 2 0 166 1160 6770 642
b 4 0 1326 0 1795 329
b 4 0 1326 0 1425 288
p 2 0 178 1148 7789 671
b 4 0 1326 0 1793 308
b 4 0 1326 0 1778 302
p 2 0 182 1144 6890 660
b 4 0 1326 0 1574 292
b 4 0 1326 0 1614 282
p 2 1 185 1140 6371 659
b 4 0 1326 0 1629 311
b 4 0 1326 0 1623 298
p 2 0 187 1139 5450 651
b 4 0 1326 0 1044 306
b 4 0 1326 0 1127 301
p 2 1 202 1123 6277 692
b 4 0 1326 0 1457 322
b 4 0 1326 0 1356 303
p 2 0 203 1123 5104 661
b 4 0 1326 0 1292 306
b 4 0 1326 0 1462 308
p 2 0 200 1126 4435 666
b 4 0 1326 0 1323 321
b 4 0 1326 0 1759 304
p 2 0 202 1124 4558 667
b 4 0 1326 0 1959 311
b 4 0 1326 0 1727 328
p 2 2 204 1120 8097 755
b 4 0 1326 0 1901 312
b 4 0 1326 0 1900 300
p 2 0 204 1122 6246 671
b 4 0 1326 0 1518 305
b 4 0 1326 0 1900 315
p 2 0 203 1123 6281 663
b 4 0 1326 0 1686 314
b 4 0 1326 0 1804 306
p 2 0 195 1131 5532 652
b 4 0 1326 0 1773 312
b 4 0 1326 0 1665 294
p 2 0 195 1131 4896 643
b 4 0 1326 0 1161 325
b 4 0 1326 0 1581 325
p 2 0 194 1132 6411 664
b 4 0 1326 0 1200 277
b 4 0 1326 0 1324 281
p 2 0 193 1133 5538 652
b 4 0 1326 0 1451 312
b 4 0 1326 0 1492 291
p 2 0 192 1134 5162 659
b 4 0 1326 0 1547 309
b 4 0 1326 0 1567 293
p 2 1 189 1136 5165 654
b 4 0 1326 0 1670 314
b 4 0 1326 0 1626 310
p 2 0 191 1135 4881 647
b 4 0 1326 0 1690 329
b 4 0 1326 0 2168 357
p 2 1 188 1137 10055 764
b 4 0 1326 0 92 92
p 2 0 153 1173 1956 495
i 2 1326 0 0 33767 4169
b 4 0 1326 0 1759 316
b 4 0 1326 0 1698 312
p 2 0 269 1057 6934 682
b 4 0 1326 0 2004 330
b 4 0 1326 0 2150 320
p 2 0 230 1096 7420 703
b 4 0 1326 0 2291 283
b 4 0 1326 0 2570 285
p 2 0 157 1169 7034 595
b 4 0 1326 0 2766 303
b 4 0 1326 0 2696 285
p 2 0 160 1166 7054 589
b 4 0 1326 0 3570 263
b 4 0 1326 0 3167 264
p 2 2 144 1180 8367 573
b 4 0 1326 0 4129 267
b 4 0 1326 0 2376 209
p 2 0 161 1165 6796 520
b 4 0 1326 0 2160 206
b 4 0 1326 0 2516 228
p 2 1 140 1185 7996 535
b 4 0 1326 0 145 144
b 4 0 1326 0 131 131
p 2 0 124 1202 6800 518
b 4 0 1326 0 2180 236
b 4 0 1326 0 138 137
p 2 1 119 1206 7221 537
b 4 0 1326 0 1960 251
b 4 0 1326 0 1914 240
p 2 3 125 1198 7030 545
b 4 0 1326 0 1530 248
b 4 0 1326 0 1596 247
p 2 0 129 1197 6152 584
b 4 0 1326 0 1605 258
b 4 0 1326 0 1561 238
p 2 0 137 1189 5333 600
b 4 0 1326 0 1558 263
b 4 0 1326 0 1440 228
p 2 0 135 1191 5179 604
b 4 0 1326 0 1618 278
b 4 0 1326 0 1387 271
p 2 0 150 1176 5815 613
b 4 0 1326 0 1192 245
b 4 0 1326 0 1191 224
p 2 0 158 1168 5903 642
b 4 0 1326 0 1336 261
b 4 0 1326 0 1236 238
p 2 0 156 1170 5062 641
b 4 0 1326 0 1337 252
b 4 0 1326 0 1258 249
p 2 0 163 1163 5065 642
b 4 0 1326 0 1178 260
b 4 0 1326 0 1193 258
p 2 1 167 1158 4901 639
b 4 0 1326 0 1719 277
b 4 0 1326 0 169 166
p 2 0 171 1155 5439 643
b 4 0 1326 0 1535 277
b 4 0 1326 0 1331 262
p 2 0 169 1157 5547 648
b 4 0 1326 0 1943 290
b 4 0 1326 0 1804 272
p 2 0 171 1155 5512 640
b 4 0 1326 0 1766 260
b 4 0 1326 0 1768 253
p 2 0 170 1156 5632 631
b 4 0 1326 0 1723 281
b 4 0 1326 0 1404 252
p 2 0 174 1152 4956 649
b 4 0 1326 0 1289 296
b 4 0 1326 0 1312 283
p 2 0 183 1143 5276 644
b 4 0 1326 0 1422 286
b 4 0 1326 0 1706 282
p 2 0 183 1143 5518 632
b 4 0 1326 0 1168 290
b 4 0 1326 0 1150 285
p 2 0 178 1148 4969 634
b 4 0 1326 0 1196 290
b 4 0 1326 0 1436 273
p 2 0 179 1147 4844 630
b 4 0 1326 0 1434 304
b 4 0 1326 0 1830 310
p 2 0 181 1145 5565 640
b 4 0 1326 0 1325 284
b 4 0 1326 0 169 169
p 2 0 174 1152 5302 642
b 4 0 1326 0 1994 321
b 4 0 1326 0 1399 286
p 2 2 182 1142 6367 650
b 4 0 1326 0 1678 310
b 4 0 1326 0 1785 288
p 2 0 179 1147 5945 641
b 4 0 1326 0 1721 302
b 4 0 1326 0 1615 286
p 2 0 182 1144 5887 635
b 4 0 1326 0 1675 311
b 4 0 1326 0 1834 309
p 2 0 194 1132 7017 649
b 4 0 1326 0 1629 299
b 4 0 1326 0 2075 297
p 2 0 179 1147 6745 633
b 4 0 1326 0 2234 289
b 4 0 1326 0 2515 282
p 2 0 169 1157 7233 628
b 4 0 1326 0 2579 274
b 4 0 1326 0 2893 264
p 2 2 154 1170 7422 610
b 4 0 1326 0 3119 241
b 4 0 1326 0 3450 269
p 2 0 154 1172 8165 587
b 4 0 1326 0 2857 226
b 4 0 1326 0 2678 249
p 2 0 143 1183 7345 533
b 4 0 1326 0 3556 264
b 4 0 1326 0 130 130
p 2 0 134 1192 9710 557
b 4 0 1326 0 3247 285
b 4 0 1326 0 2701 247
p 2 0 136 1190 10905 594
b 4 0 1326 0 2453 276
b 4 0 1326 0 2427 298
p 2 0 145 1181 10599 640
b 4 0 1326 0 2133 294
b 4 0 1326 0 1740 287
p 2 5 147 1174 8197 659
b 4 0 1326 0 1437 290
b 4 0 1326 0 1643 286
p 2 0 160 1166 7824 660
b 4 0 1326 0 1557 293
b 4 0 1326 0 1801 287
p 2 0 169 1157 6880 645
b 4 0 1326 0 1904 309
b 4 0 1326 0 1950 304
p 2 0 176 1150 5765 644
b 4 0 1326 0 1499 310
b 4 0 1326 0 1629 297
p 2 0 180 1146 6042 644
b 4 0 1326 0 1521 286
b 4 0 1326 0 1576 288
p 2 0 188 1138 5495 645
b 4 0 1326 0 1392 297
b 4 0 1326 0 1255 292
p 2 0 193 1133 6419 672
b 4 0 1326 0 1026 293
b 4 0 1326 0 195 192
p 2 0 197 1129 6704 665
b 4 0 1326 0 1339 307
p 2 0 197 1129 6613 704
i 2 1326 0 0 32845 4158
b 4 0 1326 0 1473 327
b 4 0 1326 0 1499 329
p 2 1 273 1052 5565 713
b 4 0 1326 0 1436 343
b 4 0 1326 0 1407 365
p 2 0 249 1077 6751 737
b 4 0 1326 0 201 201
b 4 0 1326 0 1887 303
p 2 0 182 1144 4498 623
b 4 0 1326 0 2102 289
b 4 0 1326 0 1969 302
p 2 1 187 1138 5082 633
b 4 0 1326 0 1605 295
b 4 0 1326 0 1824 302
p 2 0 182 1144 5088 638
b 4 0 1326 0 1837 312
b 4 0 1326 0 1591 303
p 2 0 178 1148 5533 636
b 4 0 1326 0 1402 308
b 4 0 1326 0 1464 297
p 2 0 180 1146 5081 647
b 4 0 1326 0 1245 322
b 4 0 1326 0 1090 290
p 2 0 177 1149 5664 641
b 4 0 1326 0 1300 282
b 4 0 1326 0 176 176
p 2 0 173 1153 5239 623
b 4 0 1326 0 1455 310
b 4 0 1326 0 1274 294
p 2 0 175 1151 6385 650
b 4 0 1326 0 1460 296
b 4 0 1326 0 1580 313
p 2 0 186 1140 6230 637
b 4 0 1326 0 1605 310
b 4 0 1326 0 1667 304
p 2 0 184 1142 4919 638
b 4 0 1326 0 1654 302
b 4 0 1326 0 1722 318
p 2 0 186 1140 5465 645
b 4 0 1326 0 1463 300
b 4 0 1326 0 1572 291
p 2 0 186 1140 5607 642
b 4 0 1326 0 1682 312
b 4 0 1326 0 1936 285
p 2 0 187 1139 6298 649
b 4 0 1326 0 1880 299
b 4 0 1326 0 2253 307
p 2 0 185 1141 6505 638
b 4 0 1326 0 1871 300
b 4 0 1326 0 1967 290
p 2 0 173 1153 7259 628
b 4 0 1326 0 2758 328
b 4 0 1326 0 2517 296
p 2 0 171 1155 8659 627
b 4 0 1326 0 2703 268
b 4 0 1326 0 3026 255
p 2 0 156 1170 8273 602
b 4 0 1326 0 3466 271
b 4 0 1326 0 3647 279
p 2 0 180 1146 9490 608
b 4 0 1326 0 2132 215
b 4 0 1326 0 2354 214
p 2 0 156 1170 9344 578
b 4 0 1326 0 2317 241
b 4 0 1326 0 2192 234
p 2 0 133 1193 7944 549
b 4 0 1326 0 2053 235
b 4 0 1326 0 2207 227
p 2 1 122 1203 7516 559
b 4 0 1326 0 1777 243
b 4 0 1326 0 1946 230
p 2 3 127 1196 6448 568
b 4 0 1326 0 1712 259
b 4 0 1326 0 1894 244
p 2 1 129 1196 5964 584
b 4 0 1326 0 1578 254
b 4 0 1326 0 1838 247
p 2 0 142 1184 5449 602
b 4 0 1326 0 1193 231
b 4 0 1326 0 156 156
p 2 0 145 1181 5492 600
b 4 0 1326 0 1542 275
b 4 0 1326 0 1174 254
p 2 0 151 1175 5670 614
b 4 0 1326 0 1491 277
b 4 0 1326 0 1427 266
p 2 0 153 1173 5319 624
b 4 0 1326 0 1162 261
b 4 0 1326 0 1142 256
p 2 0 158 1168 5332 628
b 4 0 1326 0 1125 260
b 4 0 1326 0 1169 244
p 2 0 160 1166 5151 629
b 4 0 1326 0 1284 280
b 4 0 1326 0 1188 275
p 2 3 167 1156 5857 655
b 4 0 1326 0 1264 282
b 4 0 1326 0 1215 276
p 2 0 172 1154 4865 650
b 4 0 1326 0 1673 289
b 4 0 1326 0 1475 289
p 2 0 173 1153 4612 644
b 4 0 1326 0 1760 282
b 4 0 1326 0 1887 288
p 2 0 172 1154 5833 651
b 4 0 1326 0 1252 271
b 4 0 1326 0 1552 274
p 2 0 173 1153 5414 643
b 4 0 1326 0 1651 289
b 4 0 1326 0 1372 270
p 2 0 177 1149 5567 646
b 4 0 1326 0 1593 277
b 4 0 1326 0 1623 280
p 2 0 177 1149 6006 651
b 4 0 1326 0 974 279
b 4 0 1326 0 1345 266
p 2 0 172 1154 4990 641
b 4 0 1326 0 1320 296
b 4 0 1326 0 1099 280
p 2 0 169 1157 4754 635
b 4 0 1326 0 692 274
b 4 0 1326 0 1252 317
p 2 0 181 1145 5894 639
b 4 0 1326 0 242 220
b 4 0 1326 0 1441 284
p 2 0 181 1145 5530 624
b 4 0 1326 0 1384 304
b 4 0 1326 0 1545 264
p 2 0 175 1151 5092 623
b 4 0 1326 0 1672 294
b 4 0 1326 0 1754 281
p 2 0 173 1153 5092 611
b 4 0 1326 0 1425 271
b 4 0 1326 0 1621 288
p 2 0 175 1151 5268 625
b 4 0 1326 0 1660 310
b 4 0 1326 0 2017 306
p 2 0 180 1146 6369 615
b 4 0 1326 0 254 200
b 4 0 1326 0 1340 297
p 2 0 180 1146 6066 630
b 4 0 1326 0 1972 340
b 4 0 1326 0 1984 307
p 2 0 186 1140 6925 637
b 4 0 1326 0 1913 304
b 4 0 1326 0 2112 285
p 2 0 179 1147 6816 641
b 4 0 1326 0 1989 253
p 2 0 174 1152 6787 628
i 2 1326 0 0 33936 4169
b 4 0 1326 0 2951 298
b 4 0 1326 0 3098 300
p 2 1 248 1077 9133 657
b 4 0 1326 0 3624 311
b 4 0 1326 0 2899 277
p 2 0 195 1131 7935 631
b 4 0 1326 0 2925 233
b 4 0 1326 0 3308 231
p 2 0 123 1203 9190 531
b 4 0 1326 0 3152 264
b 4 0 1326 0 3233 259
p 2 0 126 1200 10210 554
b 4 0 1326 0 2993 282
b 4 0 1326 0 2602 270
p 2 0 128 1198 10312 589
b 4 0 1326 0 2399 325
b 4 0 1326 0 2262 317
p 2 3 145 1178 10895 660
b 4 0 1326 0 1710 297
b 4 0 1326 0 1841 301
p 2 0 158 1168 8739 667
b 4 0 1326 0 1799 301
b 4 0 1326 0 1717 296
p 2 0 168 1158 7616 662
b 4 0 1326 0 1572 304
b 4 0 1326 0 1960 324
p 2 0 175 1151 6789 664
b 4 0 1326 0 1637 321
b 4 0 1326 0 1848 320
p 2 0 181 1145 5919 663
b 4 0 1326 0 1484 303
b 4 0 1326 0 2160 330
p 2 0 189 1137 6470 670
b 4 0 1326 0 1631 305
b 4 0 1326 0 1452 307
p 2 0 191 1135 5782 665
b 4 0 1326 0 1552 312
b 4 0 1326 0 1697 303
p 2 0 193 1133 5349 674
b 4 0 1326 0 1508 323
b 4 0 1326 0 1316 311
p 2 0 199 1127 4380 654
b 4 0 1326 0 1509 320
b 4 0 1326 0 1311 301
p 2 0 200 1126 4887 660
b 4 0 1326 0 1572 317
b 4 0 1326 0 1535 308
p 2 0 196 1130 4279 661
p 2 0 124 1202 531 313
