This is pdfTeXk, Version 3.141592-1.40.3 (Web2C 7.5.6) (format=latex 2008.11.11)  12 FEB 2009 18:17
entering extended mode
 %&-line parsing enabled.
**\makeatletter\def\HCode{\futurelet\HCode\HChar}\def\HChar{\ifx"\HCode\def\HCo
de"##1"{\Link##1}\expandafter\HCode\else\expandafter\Link\fi}\def\Link#1.a.b.c.
{\g@addto@macro\@documentclasshook{\RequirePackage[#1,html]{tex4ht}}\let\HCode\
documentstyle\def\documentstyle{\let\documentstyle\HCode\expandafter\def\csname
 tex4ht\endcsname{#1,html}\def\HCode####1{\documentstyle[tex4ht,}\@ifnextchar[{
\HCode}{\documentstyle[tex4ht]}}}\makeatother\HCode xhtml,ooffice.a.b.c.\input 
 file.tex
(/usr/share/texmf-texlive/tex/latex/tools/q.tex
! Interruption.
l.2 
    %% This is file `q.tex',
? 
! Emergency stop.
l.2 
    %% This is file `q.tex',
End of file on the terminal!

 
Here is how much of TeX's memory you used:
 9 strings out of 95087
 250 string characters out of 1183277
 45034 words of memory out of 1500000
 3280 multiletter control sequences out of 10000+50000
 3640 words of font info for 14 fonts, out of 1200000 for 2000
 28 hyphenation exceptions out of 8191
 4i,0n,3p,508b,8s stack positions out of 5000i,500n,6000p,200000b,5000s
No pages of output.
